<?xml version="1.0" encoding="UTF-8"?>
<testsuite name="com.movieticketreservation.MovieTicketReservationApplicationTests" tests="1" skipped="0" failures="0" errors="0" timestamp="2025-02-24T03:12:19" hostname="Mac.lan" time="0.151">
  <properties/>
  <testcase name="contextLoads()" classname="com.movieticketreservation.MovieTicketReservationApplicationTests" time="0.151"/>
  <system-out><![CDATA[21:12:18.592 [Test worker] DEBUG org.springframework.boot.test.context.SpringBootTestContextBootstrapper - Neither @ContextConfiguration nor @ContextHierarchy found for test class [MovieTicketReservationApplicationTests]: using SpringBootContextLoader
21:12:18.594 [Test worker] DEBUG org.springframework.test.context.support.AbstractContextLoader - Could not detect default resource locations for test class [com.movieticketreservation.MovieTicketReservationApplicationTests]: no resource found for suffixes {-context.xml, Context.groovy}.
21:12:18.594 [Test worker] INFO org.springframework.test.context.support.AnnotationConfigContextLoaderUtils - Could not detect default configuration classes for test class [com.movieticketreservation.MovieTicketReservationApplicationTests]: MovieTicketReservationApplicationTests does not declare any static, non-private, non-final, nested classes annotated with @Configuration.
21:12:18.602 [Test worker] DEBUG org.springframework.boot.test.context.SpringBootTestContextBootstrapper - Using ContextCustomizers for test class [MovieTicketReservationApplicationTests]: [DisableObservabilityContextCustomizer, PropertyMappingContextCustomizer, Customizer, ExcludeFilterContextCustomizer, DuplicateJsonObjectContextCustomizer, MockitoContextCustomizer, TestRestTemplateContextCustomizer]
21:12:18.628 [Test worker] DEBUG org.springframework.context.annotation.ClassPathScanningCandidateComponentProvider - Identified candidate component class: file [/Users/saikumar/Desktop/Projects/Movie-ticket-updated/movie-ticket-reservation-api/build/classes/java/main/com/movieticketreservation/MovieTicketReservationApplication.class]
21:12:18.628 [Test worker] INFO org.springframework.boot.test.context.SpringBootTestContextBootstrapper - Found @SpringBootConfiguration com.movieticketreservation.MovieTicketReservationApplication for test class com.movieticketreservation.MovieTicketReservationApplicationTests
21:12:18.660 [Test worker] DEBUG org.springframework.boot.test.context.SpringBootTestContextBootstrapper - Using TestExecutionListeners for test class [MovieTicketReservationApplicationTests]: [ServletTestExecutionListener, DirtiesContextBeforeModesTestExecutionListener, ApplicationEventsTestExecutionListener, MockitoTestExecutionListener, DependencyInjectionTestExecutionListener, DirtiesContextTestExecutionListener, TransactionalTestExecutionListener, SqlScriptsTestExecutionListener, EventPublishingTestExecutionListener, RestDocsTestExecutionListener, MockRestServiceServerResetTestExecutionListener, MockMvcPrintOnlyOnFailureTestExecutionListener, WebDriverTestExecutionListener, MockWebServiceServerTestExecutionListener, ResetMocksTestExecutionListener]
21:12:18.660 [Test worker] DEBUG org.springframework.test.context.support.AbstractDirtiesContextTestExecutionListener - Before test class: class [MovieTicketReservationApplicationTests], class annotated with @DirtiesContext [false] with mode [null]

  .   ____          _            __ _ _
 /\\ / ___'_ __ _ _(_)_ __  __ _ \ \ \ \
( ( )\___ | '_ | '_| | '_ \/ _` | \ \ \ \
 \\/  ___)| |_)| | | | | || (_| |  ) ) ) )
  '  |____| .__|_| |_|_| |_\__, | / / / /
 =========|_|==============|___/=/_/_/_/
?[32m :: Spring Boot :: ?[39m              ?[2m (v3.0.2)?[0;39m

?[2m2025-02-23T21:12:18.750-06:00?[0;39m ?[32m INFO?[0;39m ?[35m24819?[0;39m ?[2m---?[0;39m ?[2m[    Test worker]?[0;39m ?[36mm.MovieTicketReservationApplicationTests?[0;39m ?[2m:?[0;39m Starting MovieTicketReservationApplicationTests using Java 20.0.2.1 with PID 24819 (started by saikumar in /Users/saikumar/Desktop/Projects/Movie-ticket-updated/movie-ticket-reservation-api)
?[2m2025-02-23T21:12:18.750-06:00?[0;39m ?[32m INFO?[0;39m ?[35m24819?[0;39m ?[2m---?[0;39m ?[2m[    Test worker]?[0;39m ?[36mm.MovieTicketReservationApplicationTests?[0;39m ?[2m:?[0;39m No active profile set, falling back to 1 default profile: "default"
?[2m2025-02-23T21:12:18.952-06:00?[0;39m ?[32m INFO?[0;39m ?[35m24819?[0;39m ?[2m---?[0;39m ?[2m[    Test worker]?[0;39m ?[36m.s.d.r.c.RepositoryConfigurationDelegate?[0;39m ?[2m:?[0;39m Bootstrapping Spring Data MongoDB repositories in DEFAULT mode.
?[2m2025-02-23T21:12:18.979-06:00?[0;39m ?[32m INFO?[0;39m ?[35m24819?[0;39m ?[2m---?[0;39m ?[2m[    Test worker]?[0;39m ?[36m.s.d.r.c.RepositoryConfigurationDelegate?[0;39m ?[2m:?[0;39m Finished Spring Data repository scanning in 25 ms. Found 8 MongoDB repository interfaces.
?[2m2025-02-23T21:12:19.193-06:00?[0;39m ?[32m INFO?[0;39m ?[35m24819?[0;39m ?[2m---?[0;39m ?[2m[    Test worker]?[0;39m ?[36morg.mongodb.driver.client               ?[0;39m ?[2m:?[0;39m MongoClient with metadata {"driver": {"name": "mongo-java-driver|sync|spring-boot", "version": "4.8.2"}, "os": {"type": "Darwin", "name": "Mac OS X", "architecture": "aarch64", "version": "15.3.1"}, "platform": "Java/Amazon.com Inc./20.0.2.1+10-FR", "application": {"name": "Cluster0"}} created with settings MongoClientSettings{readPreference=primary, writeConcern=WriteConcern{w=majority, wTimeout=null ms, journal=null}, retryWrites=true, retryReads=true, readConcern=ReadConcern{level=null}, credential=MongoCredential{mechanism=null, userName='saikumarpasupuleti497', source='admin', password=<hidden>, mechanismProperties=<hidden>}, streamFactoryFactory=null, commandListeners=[], codecRegistry=ProvidersCodecRegistry{codecProviders=[ValueCodecProvider{}, BsonValueCodecProvider{}, DBRefCodecProvider{}, DBObjectCodecProvider{}, DocumentCodecProvider{}, CollectionCodecProvider{}, IterableCodecProvider{}, MapCodecProvider{}, GeoJsonCodecProvider{}, GridFSFileCodecProvider{}, Jsr310CodecProvider{}, JsonObjectCodecProvider{}, BsonCodecProvider{}, EnumCodecProvider{}, com.mongodb.Jep395RecordCodecProvider@67bd351e]}, clusterSettings={hosts=[127.0.0.1:27017], srvHost=cluster0.fl1fv.mongodb.net, srvServiceName=mongodb, mode=MULTIPLE, requiredClusterType=REPLICA_SET, requiredReplicaSetName='atlas-118kt2-shard-0', serverSelector='null', clusterListeners='[]', serverSelectionTimeout='30000 ms', localThreshold='30000 ms'}, socketSettings=SocketSettings{connectTimeoutMS=10000, readTimeoutMS=0, receiveBufferSize=0, sendBufferSize=0}, heartbeatSocketSettings=SocketSettings{connectTimeoutMS=10000, readTimeoutMS=10000, receiveBufferSize=0, sendBufferSize=0}, connectionPoolSettings=ConnectionPoolSettings{maxSize=100, minSize=0, maxWaitTimeMS=120000, maxConnectionLifeTimeMS=0, maxConnectionIdleTimeMS=0, maintenanceInitialDelayMS=0, maintenanceFrequencyMS=60000, connectionPoolListeners=[], maxConnecting=2}, serverSettings=ServerSettings{heartbeatFrequencyMS=10000, minHeartbeatFrequencyMS=500, serverListeners='[]', serverMonitorListeners='[]'}, sslSettings=SslSettings{enabled=true, invalidHostNameAllowed=false, context=null}, applicationName='Cluster0', compressorList=[], uuidRepresentation=JAVA_LEGACY, serverApi=null, autoEncryptionSettings=null, contextProvider=null}
?[2m2025-02-23T21:12:19.221-06:00?[0;39m ?[32m INFO?[0;39m ?[35m24819?[0;39m ?[2m---?[0;39m ?[2m[1fv.mongodb.net]?[0;39m ?[36morg.mongodb.driver.cluster              ?[0;39m ?[2m:?[0;39m Adding discovered server cluster0-shard-00-00.fl1fv.mongodb.net:27017 to client view of cluster
?[2m2025-02-23T21:12:19.228-06:00?[0;39m ?[32m INFO?[0;39m ?[35m24819?[0;39m ?[2m---?[0;39m ?[2m[1fv.mongodb.net]?[0;39m ?[36morg.mongodb.driver.cluster              ?[0;39m ?[2m:?[0;39m Adding discovered server cluster0-shard-00-01.fl1fv.mongodb.net:27017 to client view of cluster
?[2m2025-02-23T21:12:19.229-06:00?[0;39m ?[32m INFO?[0;39m ?[35m24819?[0;39m ?[2m---?[0;39m ?[2m[1fv.mongodb.net]?[0;39m ?[36morg.mongodb.driver.cluster              ?[0;39m ?[2m:?[0;39m Adding discovered server cluster0-shard-00-02.fl1fv.mongodb.net:27017 to client view of cluster
Cors config.....
?[2m2025-02-23T21:12:19.375-06:00?[0;39m ?[33m WARN?[0;39m ?[35m24819?[0;39m ?[2m---?[0;39m ?[2m[    Test worker]?[0;39m ?[36m.s.s.UserDetailsServiceAutoConfiguration?[0;39m ?[2m:?[0;39m 

Using generated security password: caf8d3ef-f9b9-4bac-bf13-fdbb156e3043

This generated password is for development use only. Your security configuration must be updated before running your application in production.

?[2m2025-02-23T21:12:19.455-06:00?[0;39m ?[32m INFO?[0;39m ?[35m24819?[0;39m ?[2m---?[0;39m ?[2m[    Test worker]?[0;39m ?[36mo.s.s.web.DefaultSecurityFilterChain    ?[0;39m ?[2m:?[0;39m Will secure any request with [org.springframework.security.web.session.DisableEncodeUrlFilter@45e7bb79, org.springframework.security.web.context.request.async.WebAsyncManagerIntegrationFilter@605c7a9e, org.springframework.security.web.context.SecurityContextHolderFilter@1552da16, org.springframework.security.web.header.HeaderWriterFilter@5103eea2, org.springframework.security.web.authentication.logout.LogoutFilter@141aba65, com.movieticketreservation.config.JwtAuthFilter@21c75084, org.springframework.security.web.savedrequest.RequestCacheAwareFilter@77ce88c4, org.springframework.security.web.servletapi.SecurityContextHolderAwareRequestFilter@75839695, org.springframework.security.web.authentication.AnonymousAuthenticationFilter@d16209e, org.springframework.security.web.session.SessionManagementFilter@376b5cb2, org.springframework.security.web.access.ExceptionTranslationFilter@2565a7d0, org.springframework.security.web.access.intercept.AuthorizationFilter@1426370c]
?[2m2025-02-23T21:12:19.558-06:00?[0;39m ?[32m INFO?[0;39m ?[35m24819?[0;39m ?[2m---?[0;39m ?[2m[    Test worker]?[0;39m ?[36mm.MovieTicketReservationApplicationTests?[0;39m ?[2m:?[0;39m Started MovieTicketReservationApplicationTests in 0.882 seconds (process running for 1.271)
?[2m2025-02-23T21:12:19.693-06:00?[0;39m ?[32m INFO?[0;39m ?[35m24819?[0;39m ?[2m---?[0;39m ?[2m[ngodb.net:27017]?[0;39m ?[36morg.mongodb.driver.cluster              ?[0;39m ?[2m:?[0;39m Monitor thread successfully connected to server with description ServerDescription{address=cluster0-shard-00-02.fl1fv.mongodb.net:27017, type=REPLICA_SET_PRIMARY, state=CONNECTED, ok=true, minWireVersion=0, maxWireVersion=25, maxDocumentSize=16777216, logicalSessionTimeoutMinutes=30, roundTripTimeNanos=212351667, setName='atlas-118kt2-shard-0', canonicalAddress=cluster0-shard-00-02.fl1fv.mongodb.net:27017, hosts=[cluster0-shard-00-02.fl1fv.mongodb.net:27017, cluster0-shard-00-00.fl1fv.mongodb.net:27017, cluster0-shard-00-01.fl1fv.mongodb.net:27017], passives=[], arbiters=[], primary='cluster0-shard-00-02.fl1fv.mongodb.net:27017', tagSet=TagSet{[Tag{name='availabilityZone', value='use1-az6'}, Tag{name='diskState', value='READY'}, Tag{name='nodeType', value='ELECTABLE'}, Tag{name='provider', value='AWS'}, Tag{name='region', value='US_EAST_1'}, Tag{name='workloadType', value='OPERATIONAL'}]}, electionId=7fffffff0000000000000250, setVersion=151, topologyVersion=TopologyVersion{processId=67b3fd5c9dfdad520d93ff30, counter=9}, lastWriteDate=Sun Feb 23 21:12:19 CST 2025, lastUpdateTimeNanos=69934801076583}
?[2m2025-02-23T21:12:19.693-06:00?[0;39m ?[32m INFO?[0;39m ?[35m24819?[0;39m ?[2m---?[0;39m ?[2m[ngodb.net:27017]?[0;39m ?[36morg.mongodb.driver.cluster              ?[0;39m ?[2m:?[0;39m Monitor thread successfully connected to server with description ServerDescription{address=cluster0-shard-00-00.fl1fv.mongodb.net:27017, type=REPLICA_SET_SECONDARY, state=CONNECTED, ok=true, minWireVersion=0, maxWireVersion=25, maxDocumentSize=16777216, logicalSessionTimeoutMinutes=30, roundTripTimeNanos=253151750, setName='atlas-118kt2-shard-0', canonicalAddress=cluster0-shard-00-00.fl1fv.mongodb.net:27017, hosts=[cluster0-shard-00-02.fl1fv.mongodb.net:27017, cluster0-shard-00-00.fl1fv.mongodb.net:27017, cluster0-shard-00-01.fl1fv.mongodb.net:27017], passives=[], arbiters=[], primary='cluster0-shard-00-02.fl1fv.mongodb.net:27017', tagSet=TagSet{[Tag{name='availabilityZone', value='use1-az2'}, Tag{name='diskState', value='READY'}, Tag{name='nodeType', value='ELECTABLE'}, Tag{name='provider', value='AWS'}, Tag{name='region', value='US_EAST_1'}, Tag{name='workloadType', value='OPERATIONAL'}]}, electionId=null, setVersion=151, topologyVersion=TopologyVersion{processId=67b3fe7d665859c4d82e305a, counter=5}, lastWriteDate=Sun Feb 23 21:12:19 CST 2025, lastUpdateTimeNanos=69934801076541}
?[2m2025-02-23T21:12:19.693-06:00?[0;39m ?[32m INFO?[0;39m ?[35m24819?[0;39m ?[2m---?[0;39m ?[2m[ngodb.net:27017]?[0;39m ?[36morg.mongodb.driver.cluster              ?[0;39m ?[2m:?[0;39m Monitor thread successfully connected to server with description ServerDescription{address=cluster0-shard-00-01.fl1fv.mongodb.net:27017, type=REPLICA_SET_SECONDARY, state=CONNECTED, ok=true, minWireVersion=0, maxWireVersion=25, maxDocumentSize=16777216, logicalSessionTimeoutMinutes=30, roundTripTimeNanos=253147459, setName='atlas-118kt2-shard-0', canonicalAddress=cluster0-shard-00-01.fl1fv.mongodb.net:27017, hosts=[cluster0-shard-00-02.fl1fv.mongodb.net:27017, cluster0-shard-00-00.fl1fv.mongodb.net:27017, cluster0-shard-00-01.fl1fv.mongodb.net:27017], passives=[], arbiters=[], primary='cluster0-shard-00-02.fl1fv.mongodb.net:27017', tagSet=TagSet{[Tag{name='availabilityZone', value='use1-az4'}, Tag{name='diskState', value='READY'}, Tag{name='nodeType', value='ELECTABLE'}, Tag{name='provider', value='AWS'}, Tag{name='region', value='US_EAST_1'}, Tag{name='workloadType', value='OPERATIONAL'}]}, electionId=null, setVersion=151, topologyVersion=TopologyVersion{processId=67b3ff84eb5d98ff2f03d3c2, counter=5}, lastWriteDate=Sun Feb 23 21:12:19 CST 2025, lastUpdateTimeNanos=69934801076541}
?[2m2025-02-23T21:12:19.695-06:00?[0;39m ?[32m INFO?[0;39m ?[35m24819?[0;39m ?[2m---?[0;39m ?[2m[ngodb.net:27017]?[0;39m ?[36morg.mongodb.driver.cluster              ?[0;39m ?[2m:?[0;39m Discovered replica set primary cluster0-shard-00-02.fl1fv.mongodb.net:27017 with max election id 7fffffff0000000000000250 and max set version 151
]]></system-out>
  <system-err><![CDATA[]]></system-err>
</testsuite>
